<!doctype html>

<meta charset="utf-8">
<meta name="viewport" content="width=device-width, initial-scale=1" />
<title>Experiment results</title>
<style>
* {
    box-sizing: border-box;
}

html {
    line-height: 1.15;
}

body {
    font-family: sans-serif;
    font-size: 16px;
}

table {
    border-collapse: collapse;
    border-spacing: 0;
}

td, th {
    border-right: 1px #dedede solid;
    border-bottom: 1px #dedede solid;
    padding: 5px;
    text-align: left;
}
td:first-child, th:first-child {
    border-left: 1px #dedede solid;
}
th {
    border-top: 1px #dedede solid;
}

tbody tr:nth-child(odd) {
    background-color: #f4f5ff;
}

.chat_prompt {
    background-color: #fff7f2;
    max-width: 50%;
    overflow: scroll;
}

.chat_response {
    background-color: #fcfff2;
    max-width: 50%;
    overflow: scroll;
    margin-left: auto;
}
</style>
<body>
    LLM: 
    
<h1>output-xpdf-_zn6pdfdoc16displaypagesliceep9outputdeviddiiiiiiiipfipves2_ / 02</h1>
Bug: False
<br>
Crash reason: NO_SEMANTIC_ERR
<br>
<br>









<h3>Final code</h3>

<pre>
#include &lt;fuzzer/FuzzedDataProvider.h&gt;

#include &lt;cstddef&gt;
#include &lt;cstdint&gt;
#include &lt;cstdlib&gt;
#include &lt;vector&gt;

// Include necessary headers for GString and PDFCore
#include &#34;GString.h&#34; 
#include &#34;PDFCore.h&#34;

#include &#34;PDFDoc.h&#34;
#include &#34;OutputDev.h&#34;
#include &#34;gmem.h&#34;
#include &#34;gfile.h&#34;

// Derived class to implement pure virtual methods of OutputDev
class MyOutputDev : public OutputDev {
public:
    GBool upsideDown() override { return gFalse; }
    GBool useDrawChar() override { return gFalse; }
    GBool interpretType3Chars() override { return gFalse; }
};

extern &#34;C&#34; int LLVMFuzzerTestOneInput(const uint8_t* data, size_t size) {
    FuzzedDataProvider provider(data, size);

    // Create an OutputDev instance
    MyOutputDev* output_device = new MyOutputDev();

    // Consume parameters for the function
    int page_number = provider.ConsumeIntegral&lt;int&gt;();
    double hdpi = provider.ConsumeFloatingPoint&lt;double&gt;();
    double vdpi = provider.ConsumeFloatingPoint&lt;double&gt;();
    int rotation = provider.ConsumeIntegral&lt;int&gt;();
    GBool use_media_box = provider.ConsumeBool() ? gTrue : gFalse;
    GBool crop = provider.ConsumeBool() ? gTrue : gFalse;
    GBool printing = provider.ConsumeBool() ? gTrue : gFalse;

    // Consume additional integer parameters
    int param1 = provider.ConsumeIntegral&lt;int&gt;();
    int param2 = provider.ConsumeIntegral&lt;int&gt;();
    int param3 = provider.ConsumeIntegral&lt;int&gt;();
    int param4 = provider.ConsumeIntegral&lt;int&gt;();

    // Create a GString for PDFDoc constructor
    GString* fileNameA = new GString(&#34;dummy.pdf&#34;); // Use a dummy filename

    // Call the function under test
    PDFDoc pdf_doc(fileNameA); // Using the constructor that requires a GString

    // Check if the PDF document is valid and has pages
    if (pdf_doc.isOk()) {
        int total_pages = pdf_doc.getNumPages(); // Get total number of pages
        if (page_number &gt;= 0 &amp;&amp; page_number &lt; total_pages) { // Ensure valid page number
            pdf_doc.displayPageSlice(output_device, page_number, hdpi, vdpi, rotation,
                                      use_media_box, crop, printing, param1, param2,
                                      param3, param4, nullptr, nullptr); // Pass nullptr for abortCheckCbk
        }
    }

    // Cleanup
    delete output_device;
    // No need to delete fileNameA since PDFDoc takes ownership of it

    return 0;
}
</pre>


<h3>Fixer prompt #1</h3>
<pre>

Given the following C++ fuzz harness and its build error message, fix the code to make it build for fuzzing.

If there is undeclared identifier or unknown type name error, fix it by finding and including the related libraries.

MUST RETURN THE FULL CODE, INCLUDING UNCHANGED PARTS.

Below is the code needs to be built:
&lt;code&gt;
&lt;solution&gt;

#include &lt;fuzzer/FuzzedDataProvider.h&gt;

#include &lt;cstddef&gt;
#include &lt;cstdint&gt;
#include &lt;cstdlib&gt;
#include &lt;vector&gt;

#include &#34;PDFDoc.h&#34;
#include &#34;OutputDev.h&#34;
#include &#34;gmem.h&#34;
#include &#34;gfile.h&#34;

extern &#34;C&#34; int LLVMFuzzerTestOneInput(const uint8_t* data, size_t size) {
  FuzzedDataProvider provider(data, size);

  // Create an OutputDev instance (assuming a constructor exists)
  OutputDev* output_device = new OutputDev();

  // Consume parameters for the function
  int page_number = provider.ConsumeIntegral&lt;int&gt;();
  double hdpi = provider.ConsumeFloatingPoint&lt;double&gt;();
  double vdpi = provider.ConsumeFloatingPoint&lt;double&gt;();
  int rotation = provider.ConsumeIntegral&lt;int&gt;();
  GBool use_media_box = provider.ConsumeBool() ? gTrue : gFalse;
  GBool crop = provider.ConsumeBool() ? gTrue : gFalse;
  GBool printing = provider.ConsumeBool() ? gTrue : gFalse;

  // Consume additional integer parameters
  int param1 = provider.ConsumeIntegral&lt;int&gt;();
  int param2 = provider.ConsumeIntegral&lt;int&gt;();
  int param3 = provider.ConsumeIntegral&lt;int&gt;();
  int param4 = provider.ConsumeIntegral&lt;int&gt;();

  // Placeholder for DW_TAG_subroutine_typeInfinite loop pointer
  void* infinite_loop_ptr = nullptr; // or allocate as needed

  // Call the function under test
  PDFDoc pdf_doc; // Assuming PDFDoc has a default constructor
  pdf_doc.displayPageSlice(output_device, page_number, hdpi, vdpi, rotation,
                            use_media_box, crop, printing, param1, param2,
                            param3, param4, infinite_loop_ptr, nullptr);

  // Cleanup
  delete output_device;

  return 0;
}
&lt;/code&gt;

Below is the error to fix:
The code has the following build issues:
&lt;error&gt;
fuzz_zxdoc.cc:1:1: error: expected unqualified-id
    1 | &lt;solution&gt;
      | ^
In file included from fuzz_zxdoc.cc:3:
In file included from /usr/local/lib/clang/18/include/fuzzer/FuzzedDataProvider.h:27:
/usr/local/bin/../include/c++/v1/vector:843:7: error: use of undeclared identifier &#39;__sanitizer_annotate_contiguous_container&#39;
  843 |       __sanitizer_annotate_contiguous_container(__beg, __end, __old_mid, __new_mid);
      |       ^
fuzz_zxdoc.cc:19:34: error: allocating an object of abstract class type &#39;OutputDev&#39;
   19 |   OutputDev* output_device = new OutputDev();
      |                                  ^
../xpdf/OutputDev.h:48:17: note: unimplemented pure virtual method &#39;upsideDown&#39; in &#39;OutputDev&#39;
   48 |   virtual GBool upsideDown() = 0;
      |                 ^
../xpdf/OutputDev.h:51:17: note: unimplemented pure virtual method &#39;useDrawChar&#39; in &#39;OutputDev&#39;
   51 |   virtual GBool useDrawChar() = 0;
      |                 ^
../xpdf/OutputDev.h:64:17: note: unimplemented pure virtual method &#39;interpretType3Chars&#39; in &#39;OutputDev&#39;
   64 |   virtual GBool interpretType3Chars() = 0;
      |                 ^
fuzz_zxdoc.cc:40:10: error: no matching constructor for initialization of &#39;PDFDoc&#39;
   40 |   PDFDoc pdf_doc; // Assuming PDFDoc has a default constructor
      |          ^
../xpdf/PDFDoc.h:35:7: note: candidate constructor (the implicit copy constructor) not viable: requires 1 argument, but 0 were provided
   35 | class PDFDoc {
      |       ^~~~~~
../xpdf/PDFDoc.h:38:3: note: candidate constructor not viable: requires at least argument &#39;fileNameA&#39;, but no arguments were provided
   38 |   PDFDoc(GString *fileNameA, GString *ownerPassword = NULL,
      |   ^      ~~~~~~~~~~~~~~~~~~~~~~~~~~~~~~~~~~~~~~~~~~~~~~~~~~
   39 |          GString *userPassword = NULL, PDFCore *coreA = NULL);
      |          ~~~~~~~~~~~~~~~~~~~~~~~~~~~~~~~~~~~~~~~~~~~~~~~~~~~
../xpdf/PDFDoc.h:48:3: note: candidate constructor not viable: requires at least argument &#39;fileNameA&#39;, but no arguments were provided
   48 |   PDFDoc(char *fileNameA, GString *ownerPassword = NULL,
      |   ^      ~~~~~~~~~~~~~~~~~~~~~~~~~~~~~~~~~~~~~~~~~~~~~~~
   49 |          GString *userPassword = NULL, PDFCore *coreA = NULL);
      |          ~~~~~~~~~~~~~~~~~~~~~~~~~~~~~~~~~~~~~~~~~~~~~~~~~~~
../xpdf/PDFDoc.h:51:3: note: candidate constructor not viable: requires at least argument &#39;strA&#39;, but no arguments were provided
   51 |   PDFDoc(BaseStream *strA, GString *ownerPassword = NULL,
      |   ^      ~~~~~~~~~~~~~~~~~~~~~~~~~~~~~~~~~~~~~~~~~~~~~~~~
   52 |          GString *userPassword = NULL, PDFCore *coreA = NULL);
      |          ~~~~~~~~~~~~~~~~~~~~~~~~~~~~~~~~~~~~~~~~~~~~~~~~~~~
fuzz_zxdoc.cc:43:45: error: cannot initialize a parameter of type &#39;GBool (*)(void *)&#39; (aka &#39;int (*)(void *)&#39;) with an lvalue of type &#39;void *&#39;
   43 |                             param3, param4, infinite_loop_ptr, nullptr);
      |                                             ^~~~~~~~~~~~~~~~~
../xpdf/PDFDoc.h:121:12: note: passing argument to parameter &#39;abortCheckCbk&#39; here
  121 |                         GBool (*abortCheckCbk)(void *data) = NULL,
      |                                 ^
&lt;/error&gt;




Fix code:
1. Consider possible solutions for the issues listed above.
2. Choose a solution that can maximize fuzzing result, which is utilizing the function under test and feeding it not null input.
3. Apply the solutions to the original code.
It&#39;s important to show the complete code, not only the fixed line.
&lt;solution&gt;
</pre>



<h3>Code #1</h3>

<pre>
Here&#39;s the corrected code to address the build issues mentioned in the error messages. The changes made include:

1. **Fixing the `OutputDev` instantiation**: Since `OutputDev` is an abstract class, we need to create a derived class that implements the pure virtual methods.
2. **Providing a valid constructor for `PDFDoc`**: We need to instantiate `PDFDoc` with an appropriate argument.
3. **Fixing the type of `infinite_loop_ptr`**: We need to provide a proper function pointer for the `abortCheckCbk` parameter.

Here&#39;s the complete, corrected code:

```cpp
#include &lt;fuzzer/FuzzedDataProvider.h&gt;

#include &lt;cstddef&gt;
#include &lt;cstdint&gt;
#include &lt;cstdlib&gt;
#include &lt;vector&gt;

// Include necessary headers for GString and PDFCore
#include &#34;GString.h&#34; 
#include &#34;PDFCore.h&#34;

#include &#34;PDFDoc.h&#34;
#include &#34;OutputDev.h&#34;
#include &#34;gmem.h&#34;
#include &#34;gfile.h&#34;

// Derived class to implement pure virtual methods of OutputDev
class MyOutputDev : public OutputDev {
public:
    GBool upsideDown() override { return gFalse; }
    GBool useDrawChar() override { return gFalse; }
    GBool interpretType3Chars() override { return gFalse; }
};

extern &#34;C&#34; int LLVMFuzzerTestOneInput(const uint8_t* data, size_t size) {
    FuzzedDataProvider provider(data, size);

    // Create an OutputDev instance
    MyOutputDev* output_device = new MyOutputDev();

    // Consume parameters for the function
    int page_number = provider.ConsumeIntegral&lt;int&gt;();
    double hdpi = provider.ConsumeFloatingPoint&lt;double&gt;();
    double vdpi = provider.ConsumeFloatingPoint&lt;double&gt;();
    int rotation = provider.ConsumeIntegral&lt;int&gt;();
    GBool use_media_box = provider.ConsumeBool() ? gTrue : gFalse;
    GBool crop = provider.ConsumeBool() ? gTrue : gFalse;
    GBool printing = provider.ConsumeBool() ? gTrue : gFalse;

    // Consume additional integer parameters
    int param1 = provider.ConsumeIntegral&lt;int&gt;();
    int param2 = provider.ConsumeIntegral&lt;int&gt;();
    int param3 = provider.ConsumeIntegral&lt;int&gt;();
    int param4 = provider.ConsumeIntegral&lt;int&gt;();

    // Create a GString for PDFDoc constructor
    GString* fileNameA = new GString(&#34;dummy.pdf&#34;); // Use a dummy filename

    // Call the function under test
    PDFDoc pdf_doc(fileNameA); // Using the constructor that requires a GString
    pdf_doc.displayPageSlice(output_device, page_number, hdpi, vdpi, rotation,
                              use_media_box, crop, printing, param1, param2,
                              param3, param4, nullptr, nullptr); // Pass nullptr for abortCheckCbk

    // Cleanup
    delete output_device;
    delete fileNameA; // Clean up GString

    return 0;
}
```

### Key Changes:
- **MyOutputDev Class**: This class derives from `OutputDev` and provides implementations for the pure virtual functions.
- **GString Usage**: A `GString` object is created with a dummy filename to satisfy the constructor requirements of `PDFDoc`.
- **Function Pointer**: The `infinite_loop_ptr` was removed and replaced with `nullptr` for the `abortCheckCbk` parameter, as it is not needed for the fuzzing context.

This code should compile successfully and be ready for fuzz testing.
</pre>


<h3>Fixer prompt #2</h3>
<pre>

Given the following C++ fuzz harness and its build error message, fix the code to make it build for fuzzing.

If there is undeclared identifier or unknown type name error, fix it by finding and including the related libraries.

MUST RETURN THE FULL CODE, INCLUDING UNCHANGED PARTS.

Below is the code needs to be built:
&lt;code&gt;
#include &lt;fuzzer/FuzzedDataProvider.h&gt;

#include &lt;cstddef&gt;
#include &lt;cstdint&gt;
#include &lt;cstdlib&gt;
#include &lt;vector&gt;

// Include necessary headers for GString and PDFCore
#include &#34;GString.h&#34; 
#include &#34;PDFCore.h&#34;

#include &#34;PDFDoc.h&#34;
#include &#34;OutputDev.h&#34;
#include &#34;gmem.h&#34;
#include &#34;gfile.h&#34;

// Derived class to implement pure virtual methods of OutputDev
class MyOutputDev : public OutputDev {
public:
    GBool upsideDown() override { return gFalse; }
    GBool useDrawChar() override { return gFalse; }
    GBool interpretType3Chars() override { return gFalse; }
};

extern &#34;C&#34; int LLVMFuzzerTestOneInput(const uint8_t* data, size_t size) {
    FuzzedDataProvider provider(data, size);

    // Create an OutputDev instance
    MyOutputDev* output_device = new MyOutputDev();

    // Consume parameters for the function
    int page_number = provider.ConsumeIntegral&lt;int&gt;();
    double hdpi = provider.ConsumeFloatingPoint&lt;double&gt;();
    double vdpi = provider.ConsumeFloatingPoint&lt;double&gt;();
    int rotation = provider.ConsumeIntegral&lt;int&gt;();
    GBool use_media_box = provider.ConsumeBool() ? gTrue : gFalse;
    GBool crop = provider.ConsumeBool() ? gTrue : gFalse;
    GBool printing = provider.ConsumeBool() ? gTrue : gFalse;

    // Consume additional integer parameters
    int param1 = provider.ConsumeIntegral&lt;int&gt;();
    int param2 = provider.ConsumeIntegral&lt;int&gt;();
    int param3 = provider.ConsumeIntegral&lt;int&gt;();
    int param4 = provider.ConsumeIntegral&lt;int&gt;();

    // Create a GString for PDFDoc constructor
    GString* fileNameA = new GString(&#34;dummy.pdf&#34;); // Use a dummy filename

    // Call the function under test
    PDFDoc pdf_doc(fileNameA); // Using the constructor that requires a GString
    pdf_doc.displayPageSlice(output_device, page_number, hdpi, vdpi, rotation,
                              use_media_box, crop, printing, param1, param2,
                              param3, param4, nullptr, nullptr); // Pass nullptr for abortCheckCbk

    // Cleanup
    delete output_device;
    delete fileNameA; // Clean up GString

    return 0;
}
&lt;/code&gt;

Below is the error to fix:
The code can build successfully but has a runtime issue: Fuzzing crashed immediately at runtime (ASAN-ERROR: AddressSanitizer: SEGV on unknown address 0x000000000038 (pc 0x7fd44742efc4 bp 0x7fffcd505c80 sp 0x7fffcd505c48 T0)), indicating fuzz target code for invoking the function under test is incorrect or unrobust.
&lt;error&gt;
Crash stacks:
Stack 0:
#0 0x7fd44742efc4 in __pthread_mutex_lock (/lib/x86_64-linux-gnu/libpthread.so.0+0xafc4) (BuildId: 9a65bb469e45a1c6fbcffae5b82a2fd7a69eb479)
#1 0x562c78a00c66 in Catalog::getPage(int) /src/xpdf-4.05/xpdf/Catalog.cc:300:3
#2 0x562c789a21af in PDFDoc::displayPageSlice(OutputDev*, int, double, double, int, int, int, int, int, int, int, int, int (*)(void*), void*) /src/xpdf-4.05/xpdf/PDFDoc.cc:476:12
#3 0x562c7899e3d2 in LLVMFuzzerTestOneInput /src/xpdf-4.05/build/fuzz_zxdoc.cc:51:13
#4 0x562c78852460 in fuzzer::Fuzzer::ExecuteCallback(unsigned char const*, unsigned long) /src/llvm-project/compiler-rt/lib/fuzzer/FuzzerLoop.cpp:614:13
#5 0x562c78853971 in fuzzer::Fuzzer::ReadAndExecuteSeedCorpora(std::__Fuzzer::vector&lt;fuzzer::SizedFile, std::__Fuzzer::allocator&lt;fuzzer::SizedFile&gt;&gt;&amp;) /src/llvm-project/compiler-rt/lib/fuzzer/FuzzerLoop.cpp:807:3
#6 0x562c78853f02 in fuzzer::Fuzzer::Loop(std::__Fuzzer::vector&lt;fuzzer::SizedFile, std::__Fuzzer::allocator&lt;fuzzer::SizedFile&gt;&gt;&amp;) /src/llvm-project/compiler-rt/lib/fuzzer/FuzzerLoop.cpp:867:3
#7 0x562c7884303b in fuzzer::FuzzerDriver(int*, char***, int (*)(unsigned char const*, unsigned long)) /src/llvm-project/compiler-rt/lib/fuzzer/FuzzerDriver.cpp:914:6
#8 0x562c7886e412 in main /src/llvm-project/compiler-rt/lib/fuzzer/FuzzerMain.cpp:20:10
#9 0x7fd44720d082 in __libc_start_main (/lib/x86_64-linux-gnu/libc.so.6+0x24082) (BuildId: 0702430aef5fa3dda43986563e9ffcc47efbd75e)
#10 0x562c788358bd in _start (/out/fuzz_zxdoc+0x1cb8bd)
&lt;/error&gt;




Fix code:
1. Consider possible solutions for the issues listed above.
2. Choose a solution that can maximize fuzzing result, which is utilizing the function under test and feeding it not null input.
3. Apply the solutions to the original code.
It&#39;s important to show the complete code, not only the fixed line.
&lt;solution&gt;
</pre>



<h3>Code #2</h3>

<pre>
To address the runtime issue indicated in the error message, we need to ensure that the inputs provided to the `PDFDoc::displayPageSlice` function are valid and within expected ranges. Specifically, we should check the `page_number` to ensure it is a valid page number for the PDF document being processed. Additionally, we should handle the case where the PDF document may not be properly initialized or is invalid.

Hereâ€™s the updated code with necessary checks and adjustments:

```cpp
#include &lt;fuzzer/FuzzedDataProvider.h&gt;

#include &lt;cstddef&gt;
#include &lt;cstdint&gt;
#include &lt;cstdlib&gt;
#include &lt;vector&gt;

// Include necessary headers for GString and PDFCore
#include &#34;GString.h&#34; 
#include &#34;PDFCore.h&#34;

#include &#34;PDFDoc.h&#34;
#include &#34;OutputDev.h&#34;
#include &#34;gmem.h&#34;
#include &#34;gfile.h&#34;

// Derived class to implement pure virtual methods of OutputDev
class MyOutputDev : public OutputDev {
public:
    GBool upsideDown() override { return gFalse; }
    GBool useDrawChar() override { return gFalse; }
    GBool interpretType3Chars() override { return gFalse; }
};

extern &#34;C&#34; int LLVMFuzzerTestOneInput(const uint8_t* data, size_t size) {
    FuzzedDataProvider provider(data, size);

    // Create an OutputDev instance
    MyOutputDev* output_device = new MyOutputDev();

    // Consume parameters for the function
    int page_number = provider.ConsumeIntegral&lt;int&gt;();
    double hdpi = provider.ConsumeFloatingPoint&lt;double&gt;();
    double vdpi = provider.ConsumeFloatingPoint&lt;double&gt;();
    int rotation = provider.ConsumeIntegral&lt;int&gt;();
    GBool use_media_box = provider.ConsumeBool() ? gTrue : gFalse;
    GBool crop = provider.ConsumeBool() ? gTrue : gFalse;
    GBool printing = provider.ConsumeBool() ? gTrue : gFalse;

    // Consume additional integer parameters
    int param1 = provider.ConsumeIntegral&lt;int&gt;();
    int param2 = provider.ConsumeIntegral&lt;int&gt;();
    int param3 = provider.ConsumeIntegral&lt;int&gt;();
    int param4 = provider.ConsumeIntegral&lt;int&gt;();

    // Create a GString for PDFDoc constructor
    GString* fileNameA = new GString(&#34;dummy.pdf&#34;); // Use a dummy filename

    // Call the function under test
    PDFDoc pdf_doc(fileNameA); // Using the constructor that requires a GString

    // Check if the PDF document is valid and has pages
    if (pdf_doc.isOk()) {
        int total_pages = pdf_doc.getNumPages(); // Get total number of pages
        if (page_number &gt;= 0 &amp;&amp; page_number &lt; total_pages) { // Ensure valid page number
            pdf_doc.displayPageSlice(output_device, page_number, hdpi, vdpi, rotation,
                                      use_media_box, crop, printing, param1, param2,
                                      param3, param4, nullptr, nullptr); // Pass nullptr for abortCheckCbk
        }
    }

    // Cleanup
    delete output_device;
    delete fileNameA; // Clean up GString

    return 0;
}
```

### Changes Made:
1. **Validity Check for PDF Document**: Added a check to see if the `pdf_doc` is valid using `pdf_doc.isOk()`.
2. **Page Number Validation**: Added a check to ensure that `page_number` is within the valid range of pages in the document (`0` to `total_pages - 1`).

These changes should help prevent crashes by ensuring that we do not attempt to display a page that does not exist in the PDF document.
</pre>


<h3>Fixer prompt #3</h3>
<pre>

Given the following C++ fuzz harness and its build error message, fix the code to make it build for fuzzing.

If there is undeclared identifier or unknown type name error, fix it by finding and including the related libraries.

MUST RETURN THE FULL CODE, INCLUDING UNCHANGED PARTS.

Below is the code needs to be built:
&lt;code&gt;
#include &lt;fuzzer/FuzzedDataProvider.h&gt;

#include &lt;cstddef&gt;
#include &lt;cstdint&gt;
#include &lt;cstdlib&gt;
#include &lt;vector&gt;

// Include necessary headers for GString and PDFCore
#include &#34;GString.h&#34; 
#include &#34;PDFCore.h&#34;

#include &#34;PDFDoc.h&#34;
#include &#34;OutputDev.h&#34;
#include &#34;gmem.h&#34;
#include &#34;gfile.h&#34;

// Derived class to implement pure virtual methods of OutputDev
class MyOutputDev : public OutputDev {
public:
    GBool upsideDown() override { return gFalse; }
    GBool useDrawChar() override { return gFalse; }
    GBool interpretType3Chars() override { return gFalse; }
};

extern &#34;C&#34; int LLVMFuzzerTestOneInput(const uint8_t* data, size_t size) {
    FuzzedDataProvider provider(data, size);

    // Create an OutputDev instance
    MyOutputDev* output_device = new MyOutputDev();

    // Consume parameters for the function
    int page_number = provider.ConsumeIntegral&lt;int&gt;();
    double hdpi = provider.ConsumeFloatingPoint&lt;double&gt;();
    double vdpi = provider.ConsumeFloatingPoint&lt;double&gt;();
    int rotation = provider.ConsumeIntegral&lt;int&gt;();
    GBool use_media_box = provider.ConsumeBool() ? gTrue : gFalse;
    GBool crop = provider.ConsumeBool() ? gTrue : gFalse;
    GBool printing = provider.ConsumeBool() ? gTrue : gFalse;

    // Consume additional integer parameters
    int param1 = provider.ConsumeIntegral&lt;int&gt;();
    int param2 = provider.ConsumeIntegral&lt;int&gt;();
    int param3 = provider.ConsumeIntegral&lt;int&gt;();
    int param4 = provider.ConsumeIntegral&lt;int&gt;();

    // Create a GString for PDFDoc constructor
    GString* fileNameA = new GString(&#34;dummy.pdf&#34;); // Use a dummy filename

    // Call the function under test
    PDFDoc pdf_doc(fileNameA); // Using the constructor that requires a GString

    // Check if the PDF document is valid and has pages
    if (pdf_doc.isOk()) {
        int total_pages = pdf_doc.getNumPages(); // Get total number of pages
        if (page_number &gt;= 0 &amp;&amp; page_number &lt; total_pages) { // Ensure valid page number
            pdf_doc.displayPageSlice(output_device, page_number, hdpi, vdpi, rotation,
                                      use_media_box, crop, printing, param1, param2,
                                      param3, param4, nullptr, nullptr); // Pass nullptr for abortCheckCbk
        }
    }

    // Cleanup
    delete output_device;
    delete fileNameA; // Clean up GString

    return 0;
}
&lt;/code&gt;

Below is the error to fix:
The code can build successfully but has a runtime issue: Fuzzing crashed immediately at runtime (ASAN-ERROR: AddressSanitizer: heap-use-after-free on address 0x5020000000b8 at pc 0x559e3cd31d90 bp 0x7fff61090370 sp 0x7fff61090368), indicating fuzz target code for invoking the function under test is incorrect or unrobust.
&lt;error&gt;
Crash stacks:
Stack 0:
#0 0x559e3cd31d8f in GString::~GString() /src/xpdf-4.05/goo/GString.cc:205:12
#1 0x559e3cad7dc0 in PDFDoc::~PDFDoc() /src/xpdf-4.05/xpdf/PDFDoc.cc:358:5
#2 0x559e3cad4496 in LLVMFuzzerTestOneInput /src/xpdf-4.05/build/fuzz_zxdoc.cc:67:1
#3 0x559e3c988460 in fuzzer::Fuzzer::ExecuteCallback(unsigned char const*, unsigned long) /src/llvm-project/compiler-rt/lib/fuzzer/FuzzerLoop.cpp:614:13
#4 0x559e3c989971 in fuzzer::Fuzzer::ReadAndExecuteSeedCorpora(std::__Fuzzer::vector&lt;fuzzer::SizedFile, std::__Fuzzer::allocator&lt;fuzzer::SizedFile&gt;&gt;&amp;) /src/llvm-project/compiler-rt/lib/fuzzer/FuzzerLoop.cpp:807:3
#5 0x559e3c989f02 in fuzzer::Fuzzer::Loop(std::__Fuzzer::vector&lt;fuzzer::SizedFile, std::__Fuzzer::allocator&lt;fuzzer::SizedFile&gt;&gt;&amp;) /src/llvm-project/compiler-rt/lib/fuzzer/FuzzerLoop.cpp:867:3
#6 0x559e3c97903b in fuzzer::FuzzerDriver(int*, char***, int (*)(unsigned char const*, unsigned long)) /src/llvm-project/compiler-rt/lib/fuzzer/FuzzerDriver.cpp:914:6
#7 0x559e3c9a4412 in main /src/llvm-project/compiler-rt/lib/fuzzer/FuzzerMain.cpp:20:10
#8 0x7fc90e3c1082 in __libc_start_main (/lib/x86_64-linux-gnu/libc.so.6+0x24082) (BuildId: 0702430aef5fa3dda43986563e9ffcc47efbd75e)
#9 0x559e3c96b8bd in _start (/out/fuzz_zxdoc+0x1cb8bd)
Stack 1:
#0 0x559e3cad1e5d in operator delete(void*) /src/llvm-project/compiler-rt/lib/asan/asan_new_delete.cpp:143:3
#1 0x559e3cad448d in LLVMFuzzerTestOneInput /src/xpdf-4.05/build/fuzz_zxdoc.cc:64:5
#2 0x559e3c988460 in fuzzer::Fuzzer::ExecuteCallback(unsigned char const*, unsigned long) /src/llvm-project/compiler-rt/lib/fuzzer/FuzzerLoop.cpp:614:13
#3 0x559e3c989971 in fuzzer::Fuzzer::ReadAndExecuteSeedCorpora(std::__Fuzzer::vector&lt;fuzzer::SizedFile, std::__Fuzzer::allocator&lt;fuzzer::SizedFile&gt;&gt;&amp;) /src/llvm-project/compiler-rt/lib/fuzzer/FuzzerLoop.cpp:807:3
#4 0x559e3c989f02 in fuzzer::Fuzzer::Loop(std::__Fuzzer::vector&lt;fuzzer::SizedFile, std::__Fuzzer::allocator&lt;fuzzer::SizedFile&gt;&gt;&amp;) /src/llvm-project/compiler-rt/lib/fuzzer/FuzzerLoop.cpp:867:3
#5 0x559e3c97903b in fuzzer::FuzzerDriver(int*, char***, int (*)(unsigned char const*, unsigned long)) /src/llvm-project/compiler-rt/lib/fuzzer/FuzzerDriver.cpp:914:6
#6 0x559e3c9a4412 in main /src/llvm-project/compiler-rt/lib/fuzzer/FuzzerMain.cpp:20:10
#7 0x7fc90e3c1082 in __libc_start_main (/lib/x86_64-linux-gnu/libc.so.6+0x24082) (BuildId: 0702430aef5fa3dda43986563e9ffcc47efbd75e)
Stack 2:
#0 0x559e3cad15fd in operator new(unsigned long) /src/llvm-project/compiler-rt/lib/asan/asan_new_delete.cpp:86:3
#1 0x559e3cad42fc in LLVMFuzzerTestOneInput /src/xpdf-4.05/build/fuzz_zxdoc.cc:47:26
#2 0x559e3c988460 in fuzzer::Fuzzer::ExecuteCallback(unsigned char const*, unsigned long) /src/llvm-project/compiler-rt/lib/fuzzer/FuzzerLoop.cpp:614:13
#3 0x559e3c989971 in fuzzer::Fuzzer::ReadAndExecuteSeedCorpora(std::__Fuzzer::vector&lt;fuzzer::SizedFile, std::__Fuzzer::allocator&lt;fuzzer::SizedFile&gt;&gt;&amp;) /src/llvm-project/compiler-rt/lib/fuzzer/FuzzerLoop.cpp:807:3
#4 0x559e3c989f02 in fuzzer::Fuzzer::Loop(std::__Fuzzer::vector&lt;fuzzer::SizedFile, std::__Fuzzer::allocator&lt;fuzzer::SizedFile&gt;&gt;&amp;) /src/llvm-project/compiler-rt/lib/fuzzer/FuzzerLoop.cpp:867:3
#5 0x559e3c97903b in fuzzer::FuzzerDriver(int*, char***, int (*)(unsigned char const*, unsigned long)) /src/llvm-project/compiler-rt/lib/fuzzer/FuzzerDriver.cpp:914:6
#6 0x559e3c9a4412 in main /src/llvm-project/compiler-rt/lib/fuzzer/FuzzerMain.cpp:20:10
#7 0x7fc90e3c1082 in __libc_start_main (/lib/x86_64-linux-gnu/libc.so.6+0x24082) (BuildId: 0702430aef5fa3dda43986563e9ffcc47efbd75e)
&lt;/error&gt;




Fix code:
1. Consider possible solutions for the issues listed above.
2. Choose a solution that can maximize fuzzing result, which is utilizing the function under test and feeding it not null input.
3. Apply the solutions to the original code.
It&#39;s important to show the complete code, not only the fixed line.
&lt;solution&gt;
</pre>



<h3>Code #3</h3>

<pre>
To address the runtime issue indicated by the AddressSanitizer error, we need to ensure that the `GString` instance is not being destructed prematurely. The `PDFDoc` constructor takes ownership of the `GString`, which means that we should not delete it manually after creating the `PDFDoc`. Instead, we should ensure that the `PDFDoc` properly manages the memory of the `GString`. 

Here&#39;s the modified code with the necessary changes:

```cpp
#include &lt;fuzzer/FuzzedDataProvider.h&gt;

#include &lt;cstddef&gt;
#include &lt;cstdint&gt;
#include &lt;cstdlib&gt;
#include &lt;vector&gt;

// Include necessary headers for GString and PDFCore
#include &#34;GString.h&#34; 
#include &#34;PDFCore.h&#34;

#include &#34;PDFDoc.h&#34;
#include &#34;OutputDev.h&#34;
#include &#34;gmem.h&#34;
#include &#34;gfile.h&#34;

// Derived class to implement pure virtual methods of OutputDev
class MyOutputDev : public OutputDev {
public:
    GBool upsideDown() override { return gFalse; }
    GBool useDrawChar() override { return gFalse; }
    GBool interpretType3Chars() override { return gFalse; }
};

extern &#34;C&#34; int LLVMFuzzerTestOneInput(const uint8_t* data, size_t size) {
    FuzzedDataProvider provider(data, size);

    // Create an OutputDev instance
    MyOutputDev* output_device = new MyOutputDev();

    // Consume parameters for the function
    int page_number = provider.ConsumeIntegral&lt;int&gt;();
    double hdpi = provider.ConsumeFloatingPoint&lt;double&gt;();
    double vdpi = provider.ConsumeFloatingPoint&lt;double&gt;();
    int rotation = provider.ConsumeIntegral&lt;int&gt;();
    GBool use_media_box = provider.ConsumeBool() ? gTrue : gFalse;
    GBool crop = provider.ConsumeBool() ? gTrue : gFalse;
    GBool printing = provider.ConsumeBool() ? gTrue : gFalse;

    // Consume additional integer parameters
    int param1 = provider.ConsumeIntegral&lt;int&gt;();
    int param2 = provider.ConsumeIntegral&lt;int&gt;();
    int param3 = provider.ConsumeIntegral&lt;int&gt;();
    int param4 = provider.ConsumeIntegral&lt;int&gt;();

    // Create a GString for PDFDoc constructor
    GString* fileNameA = new GString(&#34;dummy.pdf&#34;); // Use a dummy filename

    // Call the function under test
    PDFDoc pdf_doc(fileNameA); // Using the constructor that requires a GString

    // Check if the PDF document is valid and has pages
    if (pdf_doc.isOk()) {
        int total_pages = pdf_doc.getNumPages(); // Get total number of pages
        if (page_number &gt;= 0 &amp;&amp; page_number &lt; total_pages) { // Ensure valid page number
            pdf_doc.displayPageSlice(output_device, page_number, hdpi, vdpi, rotation,
                                      use_media_box, crop, printing, param1, param2,
                                      param3, param4, nullptr, nullptr); // Pass nullptr for abortCheckCbk
        }
    }

    // Cleanup
    delete output_device;
    // No need to delete fileNameA since PDFDoc takes ownership of it

    return 0;
}
```

### Key Changes:
1. **Memory Management**: The `GString` instance `fileNameA` is created dynamically, but since `PDFDoc` takes ownership of it, we do not delete it manually. This prevents the heap-use-after-free error.
2. **Robustness**: The code now safely manages memory, which should help in maximizing the fuzzing results without crashing due to memory issues.

This code should now build and run without the runtime error, allowing for effective fuzz testing.
</pre>


<h2>Logs</h2>

<pre >
Fixing /home/hyunchang/Desktop/oss-fuzz-gen/results/xpdf/test/3/output-xpdf-_zn6pdfdoc16displaypagesliceep9outputdeviddiiiiiiiipfipves2_/fixed_targets/02.cc with gpt-4o-mini, attempt 1.
Fixing /home/hyunchang/Desktop/oss-fuzz-gen/results/xpdf/test/3/output-xpdf-_zn6pdfdoc16displaypagesliceep9outputdeviddiiiiiiiipfipves2_/fixed_targets/02.cc with gpt-4o-mini, attempt 2.
Fixing /home/hyunchang/Desktop/oss-fuzz-gen/results/xpdf/test/3/output-xpdf-_zn6pdfdoc16displaypagesliceep9outputdeviddiiiiiiiipfipves2_/fixed_targets/02.cc with gpt-4o-mini, attempt 3.
Successfully built /home/hyunchang/Desktop/oss-fuzz-gen/results/xpdf/test/3/output-xpdf-_zn6pdfdoc16displaypagesliceep9outputdeviddiiiiiiiipfipves2_/fixed_targets/02.cc with gpt-4o-mini in 3 iterations of fixing.
Triaging the crash related to /home/hyunchang/Desktop/oss-fuzz-gen/results/xpdf/test/3/output-xpdf-_zn6pdfdoc16displaypagesliceep9outputdeviddiiiiiiiipfipves2_/fixed_targets/02.cc with gpt-4o-mini.
Warning: no crash info in xpdf-zn6pdfdoc16displaypagesliceep9outputdeviddiiiiiiiipfipves2-02.
Result for xpdf-zn6pdfdoc16displaypagesliceep9outputdeviddiiiiiiiipfipves2-02: crashes=False, coverage=0.004715229821044034 (127/26934), coverage diff=0.00044881504812739934 (56/124773)

</pre>


<h2>Run logs</h2>
<pre>
INFO:__main__:Running: docker run --privileged --shm-size=2g --platform linux/amd64 --rm -e FUZZING_ENGINE=libfuzzer -e SANITIZER=address -e RUN_FUZZER_MODE=interactive -e HELPER=True -v /home/hyunchang/Desktop/oss-fuzz-gen/results/xpdf/test/3/output-xpdf-_zn6pdfdoc16displaypagesliceep9outputdeviddiiiiiiiipfipves2_/corpora/02.cc:/tmp/fuzz_zxdoc_corpus -v /tmp/tmprbra0up2/build/out/xpdf-zn6pdfdoc16displaypagesliceep9outputdeviddiiiiiiiipfipves2-02:/out -t gcr.io/oss-fuzz-base/base-runner run_fuzzer fuzz_zxdoc -print_final_stats=1 -max_total_time=30 -len_control=0 -timeout=30.
vm.mmap_rnd_bits = 28
rm: cannot remove &#39;/tmp/fuzz_zxdoc_corpus&#39;: Device or resource busy
/out/fuzz_zxdoc -rss_limit_mb=2560 -timeout=25 -print_final_stats=1 -max_total_time=30 -len_control=0 -timeout=30 /tmp/fuzz_zxdoc_corpus &lt; /dev/null
INFO: Running with entropic power schedule (0xFF, 100).
INFO: Seed: 3589743961
INFO: Loaded 1 modules   (26934 inline 8-bit counters): 26934 [0x56160325b278, 0x561603261bae), 
INFO: Loaded 1 PC tables (26934 PCs): 26934 [0x561603261bb0,0x5616032caf10), 
INFO:        0 files found in /tmp/fuzz_zxdoc_corpus
INFO: -max_len is not provided; libFuzzer will not generate inputs larger than 4096 bytes
I/O Error: Couldn&#39;t open file &#39;dummy.pdf&#39;
INFO: A corpus is not provided, starting from an empty corpus
I/O Error: Couldn&#39;t open file &#39;dummy.pdf&#39;
#2	INITED cov: 100 ft: 101 corp: 1/1b exec/s: 0 rss: 35Mb
I/O Error: Couldn&#39;t open file &#39;dummy.pdf&#39;
#3	NEW    cov: 127 ft: 137 corp: 2/92b lim: 4096 exec/s: 0 rss: 35Mb L: 91/91 MS: 1 InsertRepeatedBytes-
I/O Error: Couldn&#39;t open file &#39;dummy.pdf&#39;
#4	REDUCE cov: 127 ft: 137 corp: 2/60b lim: 4096 exec/s: 0 rss: 35Mb L: 59/59 MS: 1 EraseBytes-
I/O Error: Couldn&#39;t open file &#39;dummy.pdf&#39;
I/O Error: Couldn&#39;t open file &#39;dummy.pdf&#39;
I/O Error: Couldn&#39;t open file &#39;dummy.pdf&#39;
#7	REDUCE cov: 127 ft: 137 corp: 2/48b lim: 4096 exec/s: 0 rss: 35Mb L: 47/47 MS: 3 CMP-CopyPart-EraseBytes- DE: &#34;\377\377\377\007&#34;-
I/O Error: Couldn&#39;t open file &#39;dummy.pdf&#39;
#8	NEW    cov: 127 ft: 139 corp: 3/50b lim: 4096 exec/s: 0 rss: 35Mb L: 2/47 MS: 1 CopyPart-
I/O Error: Couldn&#39;t open file &#39;dummy.pdf&#39;
I/O Error: Couldn&#39;t open file &#39;dummy.pdf&#39;
I/O Error: Couldn&#39;t open file &#39;dummy.pdf&#39;
I/O Error: Couldn&#39;t open file &#39;dummy.pdf&#39;
I/O Error: Couldn&#39;t open file &#39;dummy.pdf&#39;
I/O Error: Couldn&#39;t open file &#39;dummy.pdf&#39;
I/O Error: Couldn&#39;t open file &#39;dummy.pdf&#39;
I/O Error: Couldn&#39;t open file &#39;dummy.pdf&#39;
I/O Error: Couldn&#39;t open file &#39;dummy.pdf&#39;
I/O Error: Couldn&#39;t open file &#39;dummy.pdf&#39;
I/O Error: Couldn&#39;t open file &#39;dummy.pdf&#39;
I/O Error: Couldn&#39;t open file &#39;dummy.pdf&#39;
I/O Error: Couldn&#39;t open file &#39;dummy.pdf&#39;
I/O Error: Couldn&#39;t open file &#39;dummy.pdf&#39;
#22	NEW    cov: 127 ft: 141 corp: 4/92b lim: 4096 exec/s: 0 rss: 35Mb L: 42/47 MS: 4 ChangeByte-InsertRepeatedBytes-ChangeBit-CrossOver-
I/O Error: Couldn&#39;t open file &#39;dummy.pdf&#39;
I/O Error: Couldn&#39;t open file &#39;dummy.pdf&#39;
I/O Error: Couldn&#39;t open file &#39;dummy.pdf&#39;
I/O Error: Couldn&#39;t open file &#39;dummy.pdf&#39;
I/O Error: Couldn&#39;t open file &#39;dummy.pdf&#39;
I/O Error: Couldn&#39;t open file &#39;dummy.pdf&#39;
I/O Error: Couldn&#39;t open file &#39;dummy.pdf&#39;
I/O Error: Couldn&#39;t open file &#39;dummy.pdf&#39;
I/O Error: Couldn&#39;t open file &#39;dummy.pdf&#39;
I/O Error: Couldn&#39;t open file &#39;dummy.pdf&#39;
I/O Error: Couldn&#39;t open file &#39;dummy.pdf&#39;
I/O Error: Couldn&#39;t open file &#39;dummy.pdf&#39;
I/O Error: Couldn&#39;t open file &#39;dummy.pdf&#39;
I/O Error: Couldn&#39;t open file &#39;dummy.pdf&#39;
I/O Error: Couldn&#39;t open file &#39;dummy.pdf&#39;
I/O Error: Couldn&#39;t open file &#39;dummy.pdf&#39;
#38	NEW    cov: 127 ft: 143 corp: 5/116b lim: 4096 exec/s: 0 rss: 35Mb L: 24/47 MS: 1 EraseBytes-
I/O Error: Couldn&#39;t open file &#39;dummy.pdf&#39;
I/O Error: Couldn&#39;t open file &#39;dummy.pdf&#39;
I/O Error: Couldn&#39;t open file &#39;dummy.pdf&#39;
I/O Error: Couldn&#39;t open file &#39;dummy.pdf&#39;
I/O Error: Couldn&#39;t open file &#39;dummy.pdf&#39;
I/O Error: Couldn&#39;t open file &#39;dummy.pdf&#39;
I/O Error: Couldn&#39;t open file &#39;dummy.pdf&#39;
I/O Error: Couldn&#39;t open file &#39;dummy.pdf&#39;
I/O Error: Couldn&#39;t open file &#39;dummy.pdf&#39;
I/O Error: Couldn&#39;t open file &#39;dummy.pdf&#39;
I/O Error: Couldn&#39;t open file &#39;dummy.pdf&#39;
#49	NEW    cov: 127 ft: 144 corp: 6/148b lim: 4096 exec/s: 0 rss: 36Mb L: 32/47 MS: 1 CopyPart-
I/O Error: Couldn&#39;t open file &#39;dummy.pdf&#39;
I/O Error: Couldn&#39;t open file &#39;dummy.pdf&#39;
I/O Error: Couldn&#39;t open file &#39;dummy.pdf&#39;
I/O Error: Couldn&#39;t open file &#39;dummy.pdf&#39;
I/O Error: Couldn&#39;t open file &#39;dummy.pdf&#39;
I/O Error: Couldn&#39;t open file &#39;dummy.pdf&#39;
#55	NEW    cov: 127 ft: 146 corp: 7/187b lim: 4096 exec/s: 0 rss: 36Mb L: 39/47 MS: 1 EraseBytes-
I/O Error: Couldn&#39;t open file &#39;dummy.pdf&#39;
I/O Error: Couldn&#39;t open file &#39;dummy.pdf&#39;
I/O Error: Couldn&#39;t open file &#39;dummy.pdf&#39;
I/O Error: Couldn&#39;t open file &#39;dummy.pdf&#39;
I/O Error: Couldn&#39;t open file &#39;dummy.pdf&#39;
I/O Error: Couldn&#39;t open file &#39;dummy.pdf&#39;
#61	NEW    cov: 127 ft: 147 corp: 8/227b lim: 4096 exec/s: 0 rss: 36Mb L: 40/47 MS: 1 CMP- DE: &#34;\036\000\000\000\000\000\000\000&#34;-
I/O Error: Couldn&#39;t open file &#39;dummy.pdf&#39;
I/O Error: Couldn&#39;t open file &#39;dummy.pdf&#39;
#63	NEW    cov: 127 ft: 149 corp: 9/261b lim: 4096 exec/s: 0 rss: 36Mb L: 34/47 MS: 2 ShuffleBytes-CrossOver-
I/O Error: Couldn&#39;t open file &#39;dummy.pdf&#39;
I/O Error: Couldn&#39;t open file &#39;dummy.pdf&#39;
I/O Error: Couldn&#39;t open file &#39;dummy.pdf&#39;
I/O Error: Couldn&#39;t open file &#39;dummy.pdf&#39;
I/O Error: Couldn&#39;t open file &#39;dummy.pdf&#39;
I/O Error: Couldn&#39;t open file &#39;dummy.pdf&#39;
#69	NEW    cov: 127 ft: 151 corp: 10/291b lim: 4096 exec/s: 0 rss: 36Mb L: 30/47 MS: 1 EraseBytes-
I/O Error: Couldn&#39;t open file &#39;dummy.pdf&#39;
I/O Error: Couldn&#39;t open file &#39;dummy.pdf&#39;
I/O Error: Couldn&#39;t open file &#39;dummy.pdf&#39;
I/O Error: Couldn&#39;t open file &#39;dummy.pdf&#39;
I/O Error: Couldn&#39;t open file &#39;dummy.pdf&#39;
#74	NEW    cov: 127 ft: 153 corp: 11/329b lim: 4096 exec/s: 0 rss: 36Mb L: 38/47 MS: 5 ShuffleBytes-PersAutoDict-ChangeBit-CrossOver-CMP- DE: &#34;\377\377\377\007&#34;-&#34;\034\000\000\000&#34;-
I/O Error: Couldn&#39;t open file &#39;dummy.pdf&#39;
#75	NEW    cov: 127 ft: 155 corp: 12/352b lim: 4096 exec/s: 0 rss: 36Mb L: 23/47 MS: 1 EraseBytes-
I/O Error: Couldn&#39;t open file &#39;dummy.pdf&#39;
#76	REDUCE cov: 127 ft: 156 corp: 13/396b lim: 4096 exec/s: 0 rss: 36Mb L: 44/47 MS: 1 EraseBytes-
I/O Error: Couldn&#39;t open file &#39;dummy.pdf&#39;
I/O Error: Couldn&#39;t open file &#39;dummy.pdf&#39;
I/O Error: Couldn&#39;t open file &#39;dummy.pdf&#39;
I/O Error: Couldn&#39;t open file &#39;dummy.pdf&#39;
#80	NEW    cov: 127 ft: 157 corp: 14/417b lim: 4096 exec/s: 0 rss: 36Mb L: 21/47 MS: 4 ShuffleBytes-InsertByte-EraseBytes-EraseBytes-
I/O Error: Couldn&#39;t open file &#39;dummy.pdf&#39;
I/O Error: Couldn&#39;t open file &#39;dummy.pdf&#39;
I/O Error: Couldn&#39;t open file &#39;dummy.pdf&#39;
I/O Error: Couldn&#39;t open file &#39;dummy.pdf&#39;
I/O Error: Couldn&#39;t open file &#39;dummy.pdf&#39;
I/O Error: Couldn&#39;t open file &#39;dummy.pdf&#39;
I/O Error: Couldn&#39;t open file &#39;dummy.pdf&#39;
I/O Error: Couldn&#39;t open file &#39;dummy.pdf&#39;
#88	NEW    cov: 127 ft: 159 corp: 15/448b lim: 4096 exec/s: 0 rss: 36Mb L: 31/47 MS: 3 CopyPart-ChangeBinInt-EraseBytes-
I/O Error: Couldn&#39;t open file &#39;dummy.pdf&#39;
I/O Error: Couldn&#39;t open file &#39;dummy.pdf&#39;
I/O Error: Couldn&#39;t open file &#39;dummy.pdf&#39;
I/O Error: Couldn&#39;t open file &#39;dummy.pdf&#39;
I/O Error: Couldn&#39;t open file &#39;dummy.pdf&#39;
I/O Error: Couldn&#39;t open file &#39;dummy.pdf&#39;
I/O Error: Couldn&#39;t open file &#39;dummy.pdf&#39;
I/O Error: Couldn&#39;t open file &#39;dummy.pdf&#39;
I/O Error: Couldn&#39;t open file &#39;dummy.pdf&#39;
I/O Error: Couldn&#39;t open file &#39;dummy.pdf&#39;
I/O Error: Couldn&#39;t open file &#39;dummy.pdf&#39;
I/O Error: Couldn&#39;t open file &#39;dummy.pdf&#39;
I/O Error: Couldn&#39;t open file &#39;dummy.pdf&#39;
I/O Error: Couldn&#39;t open file &#39;dummy.pdf&#39;
I/O Error: Couldn&#39;t open file &#39;dummy.pdf&#39;
#103	NEW    cov: 127 ft: 161 corp: 16/483b lim: 4096 exec/s: 0 rss: 36Mb L: 35/47 MS: 5 CrossOver-ChangeBinInt-ChangeBit-ChangeBinInt-InsertByte-
I/O Error: Couldn&#39;t open file &#39;dummy.pdf&#39;
I/O Error: Couldn&#39;t open file &#39;dummy.pdf&#39;
I/O Error: Couldn&#39;t open file &#39;dummy.pdf&#39;
I/O Error: Couldn&#39;t open file &#39;dummy.pdf&#39;
I/O Error: Couldn&#39;t open file &#39;dummy.pdf&#39;
I/O Error: Couldn&#39;t open file &#39;dummy.pdf&#39;
I/O Error: Couldn&#39;t open file &#39;dummy.pdf&#39;
I/O Error: Couldn&#39;t open file &#39;dummy.pdf&#39;
I/O Error: Couldn&#39;t open file &#39;dummy.pdf&#39;
I/O Error: Couldn&#39;t open file &#39;dummy.pdf&#39;
I/O Error: Couldn&#39;t open file &#39;dummy.pdf&#39;
I/O Error: Couldn&#39;t open file &#39;dummy.pdf&#39;
I/O Error: Couldn&#39;t open file &#39;dummy.pdf&#39;
I/O Er
...truncated...
.pdf&#39;
I/O Error: Couldn&#39;t open file &#39;dummy.pdf&#39;
I/O Error: Couldn&#39;t open file &#39;dummy.pdf&#39;
I/O Error: Couldn&#39;t open file &#39;dummy.pdf&#39;
I/O Error: Couldn&#39;t open file &#39;dummy.pdf&#39;
I/O Error: Couldn&#39;t open file &#39;dummy.pdf&#39;
I/O Error: Couldn&#39;t open file &#39;dummy.pdf&#39;
I/O Error: Couldn&#39;t open file &#39;dummy.pdf&#39;
I/O Error: Couldn&#39;t open file &#39;dummy.pdf&#39;
I/O Error: Couldn&#39;t open file &#39;dummy.pdf&#39;
I/O Error: Couldn&#39;t open file &#39;dummy.pdf&#39;
I/O Error: Couldn&#39;t open file &#39;dummy.pdf&#39;
I/O Error: Couldn&#39;t open file &#39;dummy.pdf&#39;
I/O Error: Couldn&#39;t open file &#39;dummy.pdf&#39;
I/O Error: Couldn&#39;t open file &#39;dummy.pdf&#39;
I/O Error: Couldn&#39;t open file &#39;dummy.pdf&#39;
I/O Error: Couldn&#39;t open file &#39;dummy.pdf&#39;
I/O Error: Couldn&#39;t open file &#39;dummy.pdf&#39;
I/O Error: Couldn&#39;t open file &#39;dummy.pdf&#39;
I/O Error: Couldn&#39;t open file &#39;dummy.pdf&#39;
I/O Error: Couldn&#39;t open file &#39;dummy.pdf&#39;
I/O Error: Couldn&#39;t open file &#39;dummy.pdf&#39;
I/O Error: Couldn&#39;t open file &#39;dummy.pdf&#39;
I/O Error: Couldn&#39;t open file &#39;dummy.pdf&#39;
I/O Error: Couldn&#39;t open file &#39;dummy.pdf&#39;
I/O Error: Couldn&#39;t open file &#39;dummy.pdf&#39;
I/O Error: Couldn&#39;t open file &#39;dummy.pdf&#39;
I/O Error: Couldn&#39;t open file &#39;dummy.pdf&#39;
I/O Error: Couldn&#39;t open file &#39;dummy.pdf&#39;
I/O Error: Couldn&#39;t open file &#39;dummy.pdf&#39;
I/O Error: Couldn&#39;t open file &#39;dummy.pdf&#39;
I/O Error: Couldn&#39;t open file &#39;dummy.pdf&#39;
I/O Error: Couldn&#39;t open file &#39;dummy.pdf&#39;
I/O Error: Couldn&#39;t open file &#39;dummy.pdf&#39;
I/O Error: Couldn&#39;t open file &#39;dummy.pdf&#39;
I/O Error: Couldn&#39;t open file &#39;dummy.pdf&#39;
I/O Error: Couldn&#39;t open file &#39;dummy.pdf&#39;
I/O Error: Couldn&#39;t open file &#39;dummy.pdf&#39;
I/O Error: Couldn&#39;t open file &#39;dummy.pdf&#39;
I/O Error: Couldn&#39;t open file &#39;dummy.pdf&#39;
I/O Error: Couldn&#39;t open file &#39;dummy.pdf&#39;
I/O Error: Couldn&#39;t open file &#39;dummy.pdf&#39;
I/O Error: Couldn&#39;t open file &#39;dummy.pdf&#39;
I/O Error: Couldn&#39;t open file &#39;dummy.pdf&#39;
I/O Error: Couldn&#39;t open file &#39;dummy.pdf&#39;
I/O Error: Couldn&#39;t open file &#39;dummy.pdf&#39;
I/O Error: Couldn&#39;t open file &#39;dummy.pdf&#39;
I/O Error: Couldn&#39;t open file &#39;dummy.pdf&#39;
I/O Error: Couldn&#39;t open file &#39;dummy.pdf&#39;
I/O Error: Couldn&#39;t open file &#39;dummy.pdf&#39;
I/O Error: Couldn&#39;t open file &#39;dummy.pdf&#39;
I/O Error: Couldn&#39;t open file &#39;dummy.pdf&#39;
I/O Error: Couldn&#39;t open file &#39;dummy.pdf&#39;
I/O Error: Couldn&#39;t open file &#39;dummy.pdf&#39;
I/O Error: Couldn&#39;t open file &#39;dummy.pdf&#39;
I/O Error: Couldn&#39;t open file &#39;dummy.pdf&#39;
I/O Error: Couldn&#39;t open file &#39;dummy.pdf&#39;
I/O Error: Couldn&#39;t open file &#39;dummy.pdf&#39;
I/O Error: Couldn&#39;t open file &#39;dummy.pdf&#39;
I/O Error: Couldn&#39;t open file &#39;dummy.pdf&#39;
I/O Error: Couldn&#39;t open file &#39;dummy.pdf&#39;
I/O Error: Couldn&#39;t open file &#39;dummy.pdf&#39;
I/O Error: Couldn&#39;t open file &#39;dummy.pdf&#39;
I/O Error: Couldn&#39;t open file &#39;dummy.pdf&#39;
I/O Error: Couldn&#39;t open file &#39;dummy.pdf&#39;
I/O Error: Couldn&#39;t open file &#39;dummy.pdf&#39;
I/O Error: Couldn&#39;t open file &#39;dummy.pdf&#39;
I/O Error: Couldn&#39;t open file &#39;dummy.pdf&#39;
I/O Error: Couldn&#39;t open file &#39;dummy.pdf&#39;
I/O Error: Couldn&#39;t open file &#39;dummy.pdf&#39;
I/O Error: Couldn&#39;t open file &#39;dummy.pdf&#39;
I/O Error: Couldn&#39;t open file &#39;dummy.pdf&#39;
I/O Error: Couldn&#39;t open file &#39;dummy.pdf&#39;
I/O Error: Couldn&#39;t open file &#39;dummy.pdf&#39;
I/O Error: Couldn&#39;t open file &#39;dummy.pdf&#39;
I/O Error: Couldn&#39;t open file &#39;dummy.pdf&#39;
I/O Error: Couldn&#39;t open file &#39;dummy.pdf&#39;
I/O Error: Couldn&#39;t open file &#39;dummy.pdf&#39;
I/O Error: Couldn&#39;t open file &#39;dummy.pdf&#39;
I/O Error: Couldn&#39;t open file &#39;dummy.pdf&#39;
I/O Error: Couldn&#39;t open file &#39;dummy.pdf&#39;
I/O Error: Couldn&#39;t open file &#39;dummy.pdf&#39;
I/O Error: Couldn&#39;t open file &#39;dummy.pdf&#39;
I/O Error: Couldn&#39;t open file &#39;dummy.pdf&#39;
I/O Error: Couldn&#39;t open file &#39;dummy.pdf&#39;
I/O Error: Couldn&#39;t open file &#39;dummy.pdf&#39;
I/O Error: Couldn&#39;t open file &#39;dummy.pdf&#39;
I/O Error: Couldn&#39;t open file &#39;dummy.pdf&#39;
I/O Error: Couldn&#39;t open file &#39;dummy.pdf&#39;
I/O Error: Couldn&#39;t open file &#39;dummy.pdf&#39;
I/O Error: Couldn&#39;t open file &#39;dummy.pdf&#39;
I/O Error: Couldn&#39;t open file &#39;dummy.pdf&#39;
I/O Error: Couldn&#39;t open file &#39;dummy.pdf&#39;
I/O Error: Couldn&#39;t open file &#39;dummy.pdf&#39;
I/O Error: Couldn&#39;t open file &#39;dummy.pdf&#39;
I/O Error: Couldn&#39;t open file &#39;dummy.pdf&#39;
I/O Error: Couldn&#39;t open file &#39;dummy.pdf&#39;
I/O Error: Couldn&#39;t open file &#39;dummy.pdf&#39;
I/O Error: Couldn&#39;t open file &#39;dummy.pdf&#39;
I/O Error: Couldn&#39;t open file &#39;dummy.pdf&#39;
I/O Error: Couldn&#39;t open file &#39;dummy.pdf&#39;
I/O Error: Couldn&#39;t open file &#39;dummy.pdf&#39;
I/O Error: Couldn&#39;t open file &#39;dummy.pdf&#39;
I/O Error: Couldn&#39;t open file &#39;dummy.pdf&#39;
I/O Error: Couldn&#39;t open file &#39;dummy.pdf&#39;
I/O Error: Couldn&#39;t open file &#39;dummy.pdf&#39;
I/O Error: Couldn&#39;t open file &#39;dummy.pdf&#39;
I/O Error: Couldn&#39;t open file &#39;dummy.pdf&#39;
I/O Error: Couldn&#39;t open file &#39;dummy.pdf&#39;
I/O Error: Couldn&#39;t open file &#39;dummy.pdf&#39;
I/O Error: Couldn&#39;t open file &#39;dummy.pdf&#39;
I/O Error: Couldn&#39;t open file &#39;dummy.pdf&#39;
I/O Error: Couldn&#39;t open file &#39;dummy.pdf&#39;
I/O Error: Couldn&#39;t open file &#39;dummy.pdf&#39;
I/O Error: Couldn&#39;t open file &#39;dummy.pdf&#39;
I/O Error: Couldn&#39;t open file &#39;dummy.pdf&#39;
I/O Error: Couldn&#39;t open file &#39;dummy.pdf&#39;
I/O Error: Couldn&#39;t open file &#39;dummy.pdf&#39;
I/O Error: Couldn&#39;t open file &#39;dummy.pdf&#39;
I/O Error: Couldn&#39;t open file &#39;dummy.pdf&#39;
I/O Error: Couldn&#39;t open file &#39;dummy.pdf&#39;
I/O Error: Couldn&#39;t open file &#39;dummy.pdf&#39;
I/O Error: Couldn&#39;t open file &#39;dummy.pdf&#39;
I/O Error: Couldn&#39;t open file &#39;dummy.pdf&#39;
I/O Error: Couldn&#39;t open file &#39;dummy.pdf&#39;
I/O Error: Couldn&#39;t open file &#39;dummy.pdf&#39;
I/O Error: Couldn&#39;t open file &#39;dummy.pdf&#39;
I/O Error: Couldn&#39;t open file &#39;dummy.pdf&#39;
I/O Error: Couldn&#39;t open file &#39;dummy.pdf&#39;
I/O Error: Couldn&#39;t open file &#39;dummy.pdf&#39;
I/O Error: Couldn&#39;t open file &#39;dummy.pdf&#39;
I/O Error: Couldn&#39;t open file &#39;dummy.pdf&#39;
I/O Error: Couldn&#39;t open file &#39;dummy.pdf&#39;
I/O Error: Couldn&#39;t open file &#39;dummy.pdf&#39;
I/O Error: Couldn&#39;t open file &#39;dummy.pdf&#39;
I/O Error: Couldn&#39;t open file &#39;dummy.pdf&#39;
I/O Error: Couldn&#39;t open file &#39;dummy.pdf&#39;
I/O Error: Couldn&#39;t open file &#39;dummy.pdf&#39;
I/O Error: Couldn&#39;t open file &#39;dummy.pdf&#39;
I/O Error: Couldn&#39;t open file &#39;dummy.pdf&#39;
I/O Error: Couldn&#39;t open file &#39;dummy.pdf&#39;
I/O Error: Couldn&#39;t open file &#39;dummy.pdf&#39;
I/O Error: Couldn&#39;t open file &#39;dummy.pdf&#39;
I/O Error: Couldn&#39;t open file &#39;dummy.pdf&#39;
I/O Error: Couldn&#39;t open file &#39;dummy.pdf&#39;
I/O Error: Couldn&#39;t open file &#39;dummy.pdf&#39;
I/O Error: Couldn&#39;t open file &#39;dummy.pdf&#39;
I/O Error: Couldn&#39;t open file &#39;dummy.pdf&#39;
I/O Error: Couldn&#39;t open file &#39;dummy.pdf&#39;
I/O Error: Couldn&#39;t open file &#39;dummy.pdf&#39;
I/O Error: Couldn&#39;t open file &#39;dummy.pdf&#39;
I/O Error: Couldn&#39;t open file &#39;dummy.pdf&#39;
I/O Error: Couldn&#39;t open file &#39;dummy.pdf&#39;
I/O Error: Couldn&#39;t open file &#39;dummy.pdf&#39;
I/O Error: Couldn&#39;t open file &#39;dummy.pdf&#39;
I/O Error: Couldn&#39;t open file &#39;dummy.pdf&#39;
I/O Error: Couldn&#39;t open file &#39;dummy.pdf&#39;
I/O Error: Couldn&#39;t open file &#39;dummy.pdf&#39;
I/O Error: Couldn&#39;t open file &#39;dummy.pdf&#39;
I/O Error: Couldn&#39;t open file &#39;dummy.pdf&#39;
I/O Error: Couldn&#39;t open file &#39;dummy.pdf&#39;
I/O Error: Couldn&#39;t open file &#39;dummy.pdf&#39;
I/O Error: Couldn&#39;t open file &#39;dummy.pdf&#39;
I/O Error: Couldn&#39;t open file &#39;dummy.pdf&#39;
I/O Error: Couldn&#39;t open file &#39;dummy.pdf&#39;
I/O Error: Couldn&#39;t open file &#39;dummy.pdf&#39;
I/O Error: Couldn&#39;t open file &#39;dummy.pdf&#39;
I/O Error: Couldn&#39;t open file &#39;dummy.pdf&#39;
I/O Error: Couldn&#39;t open file &#39;dummy.pdf&#39;
I/O Error: Couldn&#39;t open file &#39;dummy.pdf&#39;
I/O Error: Couldn&#39;t open file &#39;dummy.pdf&#39;
I/O Error: Couldn&#39;t open file &#39;dummy.pdf&#39;
I/O Error: Couldn&#39;t open file &#39;dummy.pdf&#39;
I/O Error: Couldn&#39;t open file &#39;dummy.pdf&#39;
I/O Error: Couldn&#39;t open file &#39;dummy.pdf&#39;
I/O Error: Couldn&#39;t open file &#39;dummy.pdf&#39;
I/O Error: Couldn&#39;t open file &#39;dummy.pdf&#39;
I/O Error: Couldn&#39;t open file &#39;dummy.pdf&#39;
I/O Error: Couldn&#39;t open file &#39;dummy.pdf&#39;
#221066	DONE   cov: 127 ft: 179 corp: 28/680b lim: 4096 exec/s: 7131 rss: 54Mb
###### Recommended dictionary. ######
&#34;\377\377\377\007&#34; # Uses: 5089
&#34;\036\000\000\000\000\000\000\000&#34; # Uses: 4860
&#34;\034\000\000\000&#34; # Uses: 5064
&#34;\200\377\377\337&#34; # Uses: 5155
###### End of recommended dictionary. ######
Done 221066 runs in 31 second(s)
stat::number_of_executed_units: 221066
stat::average_exec_per_sec:     7131
stat::new_units_added:          33
stat::slowest_unit_time_sec:    0
stat::peak_rss_mb:              54

</pre>


</body>